2022-09-27 18:42:13,690 interview.performance 13 INFO     0.06000208854675293 / {}
2022-09-27 18:42:19,961 interview.performance 13 INFO     0.0010342597961425781 /admin {}
2022-09-27 18:42:19,989 interview.performance 13 INFO     0.0219876766204834 /admin/ {}
2022-09-27 18:42:20,012 interview.performance 13 INFO     0.018959999084472656 /admin/login/ {'next': '/admin/'}
2022-09-27 18:42:22,730 interview.performance 13 INFO     0.2907552719116211 /admin/login/ {'next': '/admin/'}
2022-09-27 18:42:22,803 interview.performance 13 INFO     0.06070661544799805 /admin/ {}
2022-09-27 18:44:09,599 interview.performance 13 INFO     0.053641557693481445 /admin/ {}
2022-09-27 18:44:12,236 interview.performance 13 INFO     0.08975839614868164 /admin/jobs/resume/ {}
2022-09-27 18:44:12,305 interview.performance 13 INFO     0.03162026405334473 /admin/jsi18n/ {}
2022-09-27 18:44:22,005 interview.performance 13 INFO     0.28398919105529785 /admin/interview/candidate/ {}
2022-09-27 18:44:22,044 interview.performance 13 INFO     0.014959335327148438 /admin/jsi18n/ {}
2022-09-27 18:44:54,202 interview.performance 13 INFO     0.05180692672729492 /admin/ {}
2022-09-27 18:44:54,933 interview.performance 13 INFO     0.382645845413208 /admin/interview/candidate/ {}
2022-09-27 18:44:54,971 interview.performance 13 INFO     0.010966062545776367 /admin/jsi18n/ {}
2022-09-27 18:45:09,475 interview.performance 13 INFO     0.04889988899230957 /admin/ {}
2022-09-27 18:45:10,334 interview.performance 13 INFO     0.4499635696411133 /admin/interview/candidate/ {}
2022-09-27 18:45:10,376 interview.performance 13 INFO     0.011968612670898438 /admin/jsi18n/ {}
2022-09-27 18:46:41,169 interview.performance 13 INFO     0.038892507553100586 /admin/ {}
2022-09-27 18:46:41,926 interview.performance 13 INFO     0.407010555267334 /admin/interview/candidate/ {}
2022-09-27 18:46:41,963 interview.performance 13 INFO     0.010969161987304688 /admin/jsi18n/ {}
2022-09-29 15:24:02,417 interview.performance 13 INFO     0.29820775985717773 / {}
2022-09-29 15:24:02,922 interview.performance 13 INFO     0.007532596588134766 /favicon.ico {}
2022-09-29 15:26:59,579 interview.performance 13 INFO     0.017953872680664062 / {}
2022-09-29 15:27:06,457 interview.performance 13 INFO     0.000997781753540039 /admin {}
2022-09-29 15:27:06,521 interview.performance 13 INFO     0.05997014045715332 /admin/ {}
2022-09-29 15:27:12,747 interview.performance 13 INFO     0.26804256439208984 /admin/interview/candidate/ {}
2022-09-29 15:27:12,805 interview.performance 13 INFO     0.020333290100097656 /admin/jsi18n/ {}
2022-09-29 15:27:27,478 interview.performance 13 INFO     0.4076268672943115 /admin/interview/candidate/1/change/ {}
2022-09-29 15:27:27,514 interview.performance 13 INFO     0.013568878173828125 /admin/jsi18n/ {}
2022-09-29 15:27:44,801 interview.performance 13 INFO     0.244887113571167 /admin/interview/candidate/ {}
2022-09-29 15:27:44,839 interview.performance 13 INFO     0.017078399658203125 /admin/jsi18n/ {}
2022-09-30 18:05:10,841 interview.performance 13 INFO     0.0034580230712890625 /admin {}
2022-09-30 18:05:10,958 interview.performance 13 INFO     0.10973238945007324 /admin/ {}
2022-09-30 18:05:15,223 interview.performance 13 INFO     0.31322765350341797 /admin/interview/candidate/ {}
2022-09-30 18:05:15,298 interview.performance 13 INFO     0.02892160415649414 /admin/jsi18n/ {}
2022-09-30 18:05:18,721 interview.performance 13 INFO     0.02510809898376465 /resume/1 {}
2022-10-28 12:54:14,616 interview.performance 13 INFO     1.0377099514007568 /sentry-debug/ {}
2022-10-28 12:54:14,936 interview.performance 13 INFO     0.016414165496826172 /favicon.ico {}
2022-10-28 12:56:59,135 interview.performance 13 INFO     0.0 /admin {}
2022-10-28 12:56:59,163 interview.performance 13 INFO     0.018987178802490234 /admin/ {}
2022-10-28 12:56:59,204 interview.performance 13 INFO     0.028823137283325195 /admin/login/ {'next': '/admin/'}
2022-10-28 12:57:02,693 interview.performance 13 INFO     0.3808290958404541 /admin/login/ {'next': '/admin/'}
2022-10-28 12:57:02,774 interview.performance 13 INFO     0.06732988357543945 /admin/ {}
2022-10-28 12:57:07,709 interview.performance 13 INFO     0.08745360374450684 /admin/jobs/job/ {}
2022-10-28 12:57:07,833 interview.performance 13 INFO     0.056389570236206055 /admin/jsi18n/ {}
2022-10-28 12:57:12,449 interview.performance 13 INFO     0.06331038475036621 /admin/jobs/resume/ {}
2022-10-28 12:57:12,474 interview.performance 13 INFO     0.009286642074584961 /admin/jsi18n/ {}
2022-10-28 12:57:23,126 interview.performance 13 INFO     0.2631521224975586 /admin/interview/candidate/ {}
2022-10-28 12:57:23,163 interview.performance 13 INFO     0.014961004257202148 /admin/jsi18n/ {}
2022-10-28 13:06:24,147 interview.performance 13 INFO     0.6930346488952637 /admin/interview/candidate/ {}
2022-10-28 15:59:02,918 interview.performance 13 INFO     0.33803701400756836 /admin/interview/candidate/ {}
2022-10-28 15:59:02,995 interview.performance 13 INFO     0.028922080993652344 /admin/jsi18n/ {}
2022-10-28 15:59:06,436 interview.performance 13 INFO     0.035470008850097656 /admin/ {}
2022-10-28 15:59:07,021 interview.performance 13 INFO     0.33854007720947266 /admin/interview/candidate/ {}
2022-10-28 15:59:07,069 interview.performance 13 INFO     0.01296687126159668 /admin/jsi18n/ {}
2022-10-28 15:59:17,353 interview.performance 13 INFO     0.0967416763305664 /admin/jobs/job/ {}
2022-10-28 15:59:17,403 interview.performance 13 INFO     0.015958070755004883 /admin/jsi18n/ {}
2022-10-28 15:59:26,098 interview.performance 13 INFO     0.0972590446472168 /admin/jobs/job/3/change/ {}
2022-10-28 15:59:26,151 interview.performance 13 INFO     0.017945289611816406 /admin/jsi18n/ {}
2022-10-28 16:00:08,364 interview.performance 13 INFO     0.07029533386230469 /admin/jobs/resume/ {}
2022-10-28 16:00:08,395 interview.performance 13 INFO     0.010996580123901367 /admin/jsi18n/ {}
2022-10-28 16:00:10,173 interview.performance 13 INFO     0.16061854362487793 /admin/jobs/resume/1/change/ {}
2022-10-28 16:00:10,213 interview.performance 13 INFO     0.015958070755004883 /admin/jsi18n/ {}
2022-10-29 09:11:29,418 interview.performance 13 INFO     0.002992868423461914 /api {}
2022-10-29 09:11:29,508 interview.performance 13 INFO     0.07573938369750977 /api/ {}
2022-10-29 09:11:30,717 interview.performance 13 INFO     0.03733181953430176 /favicon.ico {}
2022-10-29 09:11:36,895 interview.performance 13 INFO     0.06407999992370605 /api/users/ {}
2022-10-29 09:11:40,610 interview.performance 13 INFO     0.06497550010681152 /api/users/6/ {}
2022-11-01 07:35:13,580 interview.performance 13 INFO     0.4157750606536865 /resume/add/ {}
2022-11-01 07:35:14,724 interview.performance 13 INFO     0.045128583908081055 /favicon.ico {}
2022-11-01 07:57:45,608 interview.performance 13 INFO     0.0009992122650146484 /admin {}
2022-11-01 07:57:45,717 interview.performance 13 INFO     0.09495830535888672 /admin/ {}
2022-11-01 07:57:51,407 interview.performance 13 INFO     0.0964956283569336 /admin/jobs/job/ {}
2022-11-01 07:57:51,503 interview.performance 13 INFO     0.027164936065673828 /admin/jsi18n/ {}
2022-11-01 07:57:57,574 interview.performance 13 INFO     0.06541872024536133 /admin/jobs/resume/ {}
2022-11-01 07:57:57,601 interview.performance 13 INFO     0.010637521743774414 /admin/jsi18n/ {}
2022-11-01 07:58:01,172 interview.performance 13 INFO     0.31321287155151367 /admin/interview/candidate/ {}
2022-11-01 07:58:01,247 interview.performance 13 INFO     0.053049564361572266 /admin/jsi18n/ {}
2022-11-01 07:58:21,273 interview.performance 13 INFO     0.0643770694732666 /admin/registration/registrationprofile/ {}
2022-11-01 07:58:21,302 interview.performance 13 INFO     0.010197162628173828 /admin/jsi18n/ {}
2022-11-01 07:58:24,549 interview.performance 13 INFO     0.08600115776062012 /admin/auth/user/ {}
2022-11-01 07:58:24,576 interview.performance 13 INFO     0.010126352310180664 /admin/jsi18n/ {}
2022-11-01 07:58:26,120 interview.performance 13 INFO     0.07779288291931152 /admin/auth/group/ {}
2022-11-01 07:58:26,147 interview.performance 13 INFO     0.010970115661621094 /admin/jsi18n/ {}
2022-11-01 07:58:35,123 interview.performance 13 INFO     0.21276354789733887 /admin/jobs/resume/2/change/ {}
2022-11-01 07:58:35,167 interview.performance 13 INFO     0.022939682006835938 /admin/jsi18n/ {}
2022-11-01 08:00:49,262 interview.performance 13 INFO     0.06382942199707031 /admin/jobs/resume/ {}
2022-11-01 08:00:49,305 interview.performance 13 INFO     0.014961004257202148 /admin/jsi18n/ {}
2022-11-01 08:00:50,926 interview.performance 13 INFO     0.1398327350616455 /admin/jobs/resume/add/ {}
2022-11-01 08:00:50,964 interview.performance 13 INFO     0.013962984085083008 /admin/jsi18n/ {}
2022-11-01 08:05:23,151 interview.performance 13 INFO     0.18104910850524902 /admin/jobs/resume/add/ {}
2022-11-01 08:05:23,239 interview.performance 13 INFO     0.08139371871948242 /admin/jobs/resume/ {}
2022-11-01 08:05:23,319 interview.performance 13 INFO     0.012966394424438477 /admin/jsi18n/ {}
2022-11-01 08:07:16,034 interview.performance 13 INFO     0.14026713371276855 /admin/jobs/resume/3/change/ {}
2022-11-01 08:07:16,082 interview.performance 13 INFO     0.013962984085083008 /admin/jsi18n/ {}
2022-11-01 08:07:23,995 interview.performance 13 INFO     0.05774545669555664 /admin/jobs/resume/ {}
2022-11-01 08:07:24,032 interview.performance 13 INFO     0.013999223709106445 /admin/jsi18n/ {}
2022-11-01 08:22:08,976 interview.performance 13 INFO     0.08070492744445801 /admin/ {}
2022-11-01 08:22:09,351 interview.performance 13 INFO     0.14361357688903809 /admin/jobs/resume/ {}
2022-11-01 08:22:09,409 interview.performance 13 INFO     0.017951488494873047 /admin/jsi18n/ {}
2022-11-01 08:22:40,794 interview.performance 13 INFO     0.07632946968078613 /admin/ {}
2022-11-01 08:22:41,118 interview.performance 13 INFO     0.10344958305358887 /admin/jobs/resume/ {}
2022-11-01 08:22:41,154 interview.performance 13 INFO     0.01495981216430664 /admin/jsi18n/ {}
2022-11-01 08:22:41,355 interview.performance 13 INFO     0.15580224990844727 /media/images/elon.jpg {}
2022-11-01 08:33:26,572 interview.performance 13 INFO     0.05974316596984863 /admin/registration/registrationprofile/ {}
2022-11-01 08:33:26,612 interview.performance 13 INFO     0.015975236892700195 /admin/jsi18n/ {}
2022-11-01 08:33:29,913 interview.performance 13 INFO     0.11409473419189453 /admin/jobs/job/ {}
2022-11-01 08:33:29,944 interview.performance 13 INFO     0.013962030410766602 /admin/jsi18n/ {}
2022-11-01 08:38:57,495 interview.performance 13 INFO     0.1679060459136963 /admin/jobs/resume/ {'o': '6'}
2022-11-01 08:38:57,566 interview.performance 13 INFO     0.01327061653137207 /admin/jsi18n/ {}
2022-11-01 08:38:57,606 interview.performance 13 INFO     0.0020122528076171875 /media/images/elon.jpg {}
2022-11-01 08:39:10,405 interview.performance 13 INFO     0.20476579666137695 /admin/jobs/resume/3/change/ {'_changelist_filters': 'o=6'}
2022-11-01 08:39:10,466 interview.performance 13 INFO     0.015953779220581055 /admin/jsi18n/ {}
2022-11-13 09:31:54,601 interview.performance 13 INFO     0.0029921531677246094 /admin {}
2022-11-13 09:31:54,778 interview.performance 13 INFO     0.1597905158996582 /admin/ {}
2022-11-13 09:31:56,388 interview.performance 13 INFO     0.029486656188964844 /favicon.ico {}
2022-11-13 09:32:09,950 interview.performance 13 INFO     0.037073612213134766 / {}
2022-11-13 09:32:15,021 interview.performance 13 INFO     0.0009796619415283203 /job/2 {}
2022-11-13 09:32:15,061 interview.performance 13 INFO     0.025338411331176758 /job/2/ {}
2022-11-13 09:32:45,915 interview.performance 13 INFO     0.3076205253601074 /admin/interview/candidate/ {}
2022-11-13 09:32:46,024 interview.performance 13 INFO     0.028918981552124023 /admin/jsi18n/ {}
2022-11-13 09:32:49,297 interview.performance 13 INFO     0.02854776382446289 /resume/1 {}
2022-11-13 09:33:13,102 interview.performance 13 INFO     0.07969832420349121 /admin/jobs/resume/ {}
2022-11-13 09:33:13,152 interview.performance 13 INFO     0.0147552490234375 /admin/jsi18n/ {}
2022-11-13 09:33:13,207 interview.performance 13 INFO     0.00299072265625 /media/images/elon.jpg {}
2022-11-13 09:33:54,304 interview.performance 13 INFO     0.0632622241973877 /admin/registration/registrationprofile/ {}
2022-11-13 09:33:54,338 interview.performance 13 INFO     0.015000581741333008 /admin/jsi18n/ {}
2022-11-13 09:33:57,436 interview.performance 13 INFO     0.06925249099731445 /admin/auth/group/ {}
2022-11-13 09:33:57,469 interview.performance 13 INFO     0.013608217239379883 /admin/jsi18n/ {}
2022-11-13 09:33:58,339 interview.performance 13 INFO     0.09299278259277344 /admin/auth/user/ {}
2022-11-13 09:33:58,382 interview.performance 13 INFO     0.010970830917358398 /admin/jsi18n/ {}
2022-11-13 09:34:00,572 interview.performance 13 INFO     0.09062576293945312 /admin/auth/group/2/change/ {}
2022-11-13 09:34:00,638 interview.performance 13 INFO     0.0334625244140625 /admin/jsi18n/ {}
2022-11-13 09:35:09,608 interview.performance 13 INFO     0.42621898651123047 /admin/interview/candidate/add/ {}
2022-11-13 09:35:09,650 interview.performance 13 INFO     0.011978864669799805 /admin/jsi18n/ {}
2022-11-13 09:36:48,184 interview.performance 13 INFO     0.02545452117919922 /admin/interview/candidate/add/ {}
2022-11-13 09:36:48,480 interview.performance 13 INFO     0.28099846839904785 /admin/interview/candidate/ {}
2022-11-13 09:36:48,544 interview.performance 13 INFO     0.02277970314025879 /admin/jsi18n/ {}
2022-11-13 09:37:27,183 interview.performance 13 INFO     0.06362462043762207 /admin/interview/candidate/ {}
2022-11-13 09:37:27,538 interview.performance 13 INFO     0.34573960304260254 /admin/interview/candidate/ {}
2022-11-13 09:37:27,582 interview.performance 13 INFO     0.012963533401489258 /admin/jsi18n/ {}
2022-11-13 09:37:45,186 interview.performance 13 INFO     0.08476948738098145 /admin/jobs/job/ {}
2022-11-13 09:37:45,213 interview.performance 13 INFO     0.008814334869384766 /admin/jsi18n/ {}
2022-11-13 09:37:53,503 interview.performance 13 INFO     0.08302521705627441 /admin/jobs/job/ {}
2022-11-13 09:37:53,543 interview.performance 13 INFO     0.017972946166992188 /admin/jsi18n/ {}
2022-11-13 11:30:41,595 interview.performance 13 INFO     0.4625377655029297 /admin/interview/candidate/6/change/ {}
2022-11-13 11:30:41,652 interview.performance 13 INFO     0.024152040481567383 /admin/jsi18n/ {}
2023-04-12 10:47:28,925 interview.performance 13 INFO     0.10465693473815918 / {}
2023-04-12 10:47:29,990 interview.performance 13 INFO     0.0330510139465332 /favicon.ico {}
2023-04-12 10:47:36,362 interview.performance 13 INFO     0.0 /admin {}
2023-04-12 10:47:36,388 interview.performance 13 INFO     0.01894354820251465 /admin/ {}
2023-04-12 10:47:36,414 interview.performance 13 INFO     0.01798558235168457 /admin/login/ {'next': '/admin/'}
2023-04-12 10:49:14,853 interview.performance 13 INFO     0.30605244636535645 /admin/login/ {'next': '/admin/'}
2023-04-12 10:49:21,244 interview.performance 13 INFO     0.012855052947998047 /admin/login/ {'next': '/admin/'}
2023-04-12 10:49:25,061 interview.performance 13 INFO     0.010689020156860352 / {}
2023-04-12 10:54:20,136 interview.performance 13 INFO     0.008005380630493164 /jobs/ {}
2023-04-12 10:58:33,011 interview.performance 13 INFO     0.0009961128234863281 /admin/ {}
2023-04-12 10:58:33,033 interview.performance 13 INFO     0.011968612670898438 /admin/login/ {'next': '/admin/'}
2023-04-12 10:58:40,213 interview.performance 13 INFO     0.28450751304626465 /admin/login/ {'next': '/admin/'}
2023-04-12 10:58:47,721 interview.performance 13 INFO     0.3247981071472168 /admin/login/ {'next': '/admin/'}
2023-04-12 10:58:47,799 interview.performance 13 INFO     0.0672609806060791 /admin/ {}
2023-04-12 10:59:02,469 interview.performance 13 INFO     0.08780217170715332 /admin/jobs/job/ {}
2023-04-12 10:59:02,529 interview.performance 13 INFO     0.022937536239624023 /admin/jsi18n/ {}
2023-04-12 10:59:05,575 interview.performance 13 INFO     0.08569979667663574 /admin/jobs/job/3/change/ {}
2023-04-12 10:59:05,615 interview.performance 13 INFO     0.021938323974609375 /admin/jsi18n/ {}
2023-04-12 10:59:10,965 interview.performance 13 INFO     0.3050084114074707 /admin/interview/candidate/ {}
2023-04-12 10:59:10,995 interview.performance 13 INFO     0.013158082962036133 /admin/jsi18n/ {}
2023-04-12 11:06:48,196 interview.performance 13 INFO     0.06468629837036133 /admin/jobs/job/ {}
2023-04-12 11:06:48,233 interview.performance 13 INFO     0.010969161987304688 /admin/jsi18n/ {}
2023-04-12 11:06:49,661 interview.performance 13 INFO     0.07834911346435547 /admin/jobs/job/1/change/ {}
2023-04-12 11:06:49,691 interview.performance 13 INFO     0.009974479675292969 /admin/jsi18n/ {}
2023-04-12 11:07:05,946 interview.performance 13 INFO     0.4816751480102539 /admin/interview/candidate/6/change/ {}
2023-04-12 11:07:05,985 interview.performance 13 INFO     0.010969877243041992 /admin/jsi18n/ {}
